<?xml version="1.0" encoding="UTF-8"?>
<testsuite xmlns:xsi="http://www.w3.org/2001/XMLSchema-instance" xsi:noNamespaceSchemaLocation="https://maven.apache.org/surefire/maven-surefire-plugin/xsd/surefire-test-report-3.0.xsd" version="3.0" name="com.travelhub.connectors.nuitee.NuiteeApiClientImplTest" time="1.317" tests="1" errors="0" skipped="0" failures="0">
  <properties>
[...]
</properties>
  <testcase name="getHotels_shouldCallCorrectUrlAndReturnResponse" classname="com.travelhub.connectors.nuitee.NuiteeApiClientImplTest" time="1.29">
    <system-out><![CDATA[05 déc. 2025 16:15:11 [main] INFO  Calling Nuitee hotels API - city: null, country: null, placeId: ChIJD7fiBh9u5kcRYJSMaMOCCwQ
05 déc. 2025 16:15:11 [main] INFO  Nuitee hotels response received - hotels found: 1
]]></system-out>
  </testcase>
</testsuite>